<?xml version="1.0" encoding="UTF-8"?>
<testsuite xmlns:xsi="http://www.w3.org/2001/XMLSchema-instance" xsi:noNamespaceSchemaLocation="https://maven.apache.org/surefire/maven-surefire-plugin/xsd/surefire-test-report.xsd" name="com.junit.test.JunitTest" time="0.022" tests="5" errors="0" skipped="0" failures="0">
  <properties>
    <property name="sun.desktop" value="windows"/>
    <property name="awt.toolkit" value="sun.awt.windows.WToolkit"/>
    <property name="file.encoding.pkg" value="sun.io"/>
    <property name="java.specification.version" value="1.8"/>
    <property name="sun.cpu.isalist" value="amd64"/>
    <property name="sun.jnu.encoding" value="GBK"/>
    <property name="java.class.path" value="E:\IntelliJ IDEA Projects\EnterpriseWeiXinAPITest\target\test-classes;E:\IntelliJ IDEA Projects\EnterpriseWeiXinAPITest\target\classes;C:\MavenRepository\io\rest-assured\rest-assured\4.3.0\rest-assured-4.3.0.jar;C:\MavenRepository\org\codehaus\groovy\groovy\3.0.2\groovy-3.0.2.jar;C:\MavenRepository\org\codehaus\groovy\groovy-xml\3.0.2\groovy-xml-3.0.2.jar;C:\MavenRepository\org\apache\httpcomponents\httpclient\4.5.3\httpclient-4.5.3.jar;C:\MavenRepository\org\apache\httpcomponents\httpcore\4.4.6\httpcore-4.4.6.jar;C:\MavenRepository\commons-logging\commons-logging\1.2\commons-logging-1.2.jar;C:\MavenRepository\commons-codec\commons-codec\1.9\commons-codec-1.9.jar;C:\MavenRepository\org\apache\httpcomponents\httpmime\4.5.3\httpmime-4.5.3.jar;C:\MavenRepository\org\hamcrest\hamcrest\2.1\hamcrest-2.1.jar;C:\MavenRepository\org\ccil\cowan\tagsoup\tagsoup\1.2.1\tagsoup-1.2.1.jar;C:\MavenRepository\io\rest-assured\json-path\4.3.0\json-path-4.3.0.jar;C:\MavenRepository\org\codehaus\groovy\groovy-json\3.0.2\groovy-json-3.0.2.jar;C:\MavenRepository\io\rest-assured\rest-assured-common\4.3.0\rest-assured-common-4.3.0.jar;C:\MavenRepository\io\rest-assured\xml-path\4.3.0\xml-path-4.3.0.jar;C:\MavenRepository\org\apache\commons\commons-lang3\3.4\commons-lang3-3.4.jar;C:\MavenRepository\jakarta\xml\bind\jakarta.xml.bind-api\2.3.2\jakarta.xml.bind-api-2.3.2.jar;C:\MavenRepository\jakarta\activation\jakarta.activation-api\1.2.1\jakarta.activation-api-1.2.1.jar;C:\MavenRepository\com\sun\xml\bind\jaxb-osgi\2.3.0.1\jaxb-osgi-2.3.0.1.jar;C:\MavenRepository\org\apache\sling\org.apache.sling.javax.activation\0.1.0\org.apache.sling.javax.activation-0.1.0.jar;C:\MavenRepository\javax\activation\activation\1.1.1\activation-1.1.1.jar;C:\MavenRepository\io\rest-assured\json-schema-validator\4.3.0\json-schema-validator-4.3.0.jar;C:\MavenRepository\com\github\java-json-tools\json-schema-validator\2.2.10\json-schema-validator-2.2.10.jar;C:\MavenRepository\com\github\java-json-tools\json-schema-core\1.2.10\json-schema-core-1.2.10.jar;C:\MavenRepository\com\github\java-json-tools\jackson-coreutils\1.9\jackson-coreutils-1.9.jar;C:\MavenRepository\com\fasterxml\jackson\core\jackson-databind\2.2.3\jackson-databind-2.2.3.jar;C:\MavenRepository\com\fasterxml\jackson\core\jackson-annotations\2.2.3\jackson-annotations-2.2.3.jar;C:\MavenRepository\com\fasterxml\jackson\core\jackson-core\2.2.3\jackson-core-2.2.3.jar;C:\MavenRepository\com\google\guava\guava\16.0.1\guava-16.0.1.jar;C:\MavenRepository\com\github\fge\msg-simple\1.1\msg-simple-1.1.jar;C:\MavenRepository\com\github\fge\btf\1.2\btf-1.2.jar;C:\MavenRepository\com\github\fge\uri-template\0.9\uri-template-0.9.jar;C:\MavenRepository\org\mozilla\rhino\1.7.7.1\rhino-1.7.7.1.jar;C:\MavenRepository\javax\mail\mailapi\1.4.3\mailapi-1.4.3.jar;C:\MavenRepository\joda-time\joda-time\2.9.7\joda-time-2.9.7.jar;C:\MavenRepository\com\googlecode\libphonenumber\libphonenumber\8.0.0\libphonenumber-8.0.0.jar;C:\MavenRepository\com\google\code\findbugs\jsr305\3.0.1\jsr305-3.0.1.jar;C:\MavenRepository\net\sf\jopt-simple\jopt-simple\5.0.3\jopt-simple-5.0.3.jar;C:\MavenRepository\org\junit\jupiter\junit-jupiter-api\5.6.2\junit-jupiter-api-5.6.2.jar;C:\MavenRepository\org\apiguardian\apiguardian-api\1.1.0\apiguardian-api-1.1.0.jar;C:\MavenRepository\org\opentest4j\opentest4j\1.2.0\opentest4j-1.2.0.jar;C:\MavenRepository\org\junit\platform\junit-platform-commons\1.6.2\junit-platform-commons-1.6.2.jar;C:\MavenRepository\org\junit\jupiter\junit-jupiter-engine\5.6.2\junit-jupiter-engine-5.6.2.jar;C:\MavenRepository\org\junit\platform\junit-platform-engine\1.6.2\junit-platform-engine-1.6.2.jar;C:\MavenRepository\com\jayway\jsonpath\json-path\2.4.0\json-path-2.4.0.jar;C:\MavenRepository\net\minidev\json-smart\2.3\json-smart-2.3.jar;C:\MavenRepository\net\minidev\accessors-smart\1.2\accessors-smart-1.2.jar;C:\MavenRepository\org\ow2\asm\asm\5.0.4\asm-5.0.4.jar;C:\MavenRepository\org\slf4j\slf4j-api\1.7.25\slf4j-api-1.7.25.jar;C:\MavenRepository\org\slf4j\slf4j-simple\1.7.25\slf4j-simple-1.7.25.jar;C:\MavenRepository\junit\junit\4.12\junit-4.12.jar;C:\MavenRepository\org\hamcrest\hamcrest-core\1.3\hamcrest-core-1.3.jar;C:\MavenRepository\org\junit\platform\junit-platform-suite-api\1.5.2\junit-platform-suite-api-1.5.2.jar;C:\MavenRepository\org\junit\platform\junit-platform-runner\1.5.2\junit-platform-runner-1.5.2.jar;C:\MavenRepository\org\junit\platform\junit-platform-launcher\1.5.2\junit-platform-launcher-1.5.2.jar;C:\MavenRepository\org\apache\maven\plugins\maven-site-plugin\3.9.1\maven-site-plugin-3.9.1.jar;C:\MavenRepository\org\apache\maven\reporting\maven-reporting-api\3.0\maven-reporting-api-3.0.jar;C:\MavenRepository\org\apache\maven\reporting\maven-reporting-exec\1.5.1\maven-reporting-exec-1.5.1.jar;C:\MavenRepository\org\sonatype\aether\aether-util\1.7\aether-util-1.7.jar;C:\MavenRepository\org\eclipse\aether\aether-util\0.9.0.M2\aether-util-0.9.0.M2.jar;C:\MavenRepository\org\apache\maven\shared\maven-shared-utils\3.1.0\maven-shared-utils-3.1.0.jar;C:\MavenRepository\org\apache\maven\maven-artifact\3.0.5\maven-artifact-3.0.5.jar;C:\MavenRepository\org\apache\maven\maven-core\3.0.5\maven-core-3.0.5.jar;C:\MavenRepository\org\apache\maven\maven-model-builder\3.0.5\maven-model-builder-3.0.5.jar;C:\MavenRepository\org\apache\maven\maven-aether-provider\3.0.5\maven-aether-provider-3.0.5.jar;C:\MavenRepository\org\sonatype\aether\aether-spi\1.13.1\aether-spi-1.13.1.jar;C:\MavenRepository\org\sonatype\aether\aether-impl\1.13.1\aether-impl-1.13.1.jar;C:\MavenRepository\org\sonatype\aether\aether-api\1.13.1\aether-api-1.13.1.jar;C:\MavenRepository\org\codehaus\plexus\plexus-classworlds\2.4\plexus-classworlds-2.4.jar;C:\MavenRepository\org\codehaus\plexus\plexus-component-annotations\1.5.5\plexus-component-annotations-1.5.5.jar;C:\MavenRepository\org\sonatype\plexus\plexus-sec-dispatcher\1.3\plexus-sec-dispatcher-1.3.jar;C:\MavenRepository\org\sonatype\plexus\plexus-cipher\1.4\plexus-cipher-1.4.jar;C:\MavenRepository\org\apache\maven\maven-model\3.0.5\maven-model-3.0.5.jar;C:\MavenRepository\org\apache\maven\maven-plugin-api\3.0.5\maven-plugin-api-3.0.5.jar;C:\MavenRepository\org\apache\maven\maven-settings\3.0.5\maven-settings-3.0.5.jar;C:\MavenRepository\org\apache\maven\maven-settings-builder\3.0.5\maven-settings-builder-3.0.5.jar;C:\MavenRepository\org\apache\maven\maven-archiver\3.5.0\maven-archiver-3.5.0.jar;C:\MavenRepository\org\sonatype\sisu\sisu-inject-plexus\1.4.2\sisu-inject-plexus-1.4.2.jar;C:\MavenRepository\org\sonatype\sisu\sisu-inject-bean\1.4.2\sisu-inject-bean-1.4.2.jar;C:\MavenRepository\org\sonatype\sisu\sisu-guice\2.1.7\sisu-guice-2.1.7-noaop.jar;C:\MavenRepository\org\codehaus\plexus\plexus-archiver\4.2.1\plexus-archiver-4.2.1.jar;C:\MavenRepository\org\codehaus\plexus\plexus-io\3.2.0\plexus-io-3.2.0.jar;C:\MavenRepository\org\apache\commons\commons-compress\1.19\commons-compress-1.19.jar;C:\MavenRepository\org\iq80\snappy\snappy\0.4\snappy-0.4.jar;C:\MavenRepository\org\tukaani\xz\1.8\xz-1.8.jar;C:\MavenRepository\org\codehaus\plexus\plexus-i18n\1.0-beta-10\plexus-i18n-1.0-beta-10.jar;C:\MavenRepository\org\codehaus\plexus\plexus-utils\3.3.0\plexus-utils-3.3.0.jar;C:\MavenRepository\org\apache\maven\doxia\doxia-sink-api\1.9.1\doxia-sink-api-1.9.1.jar;C:\MavenRepository\org\apache\maven\doxia\doxia-logging-api\1.9.1\doxia-logging-api-1.9.1.jar;C:\MavenRepository\org\apache\maven\doxia\doxia-core\1.9.1\doxia-core-1.9.1.jar;C:\MavenRepository\org\codehaus\plexus\plexus-container-default\1.7.1\plexus-container-default-1.7.1.jar;C:\MavenRepository\org\apache\xbean\xbean-reflect\3.7\xbean-reflect-3.7.jar;C:\MavenRepository\com\google\collections\google-collections\1.0\google-collections-1.0.jar;C:\MavenRepository\org\apache\maven\doxia\doxia-module-xhtml\1.9.1\doxia-module-xhtml-1.9.1.jar;C:\MavenRepository\org\apache\maven\doxia\doxia-module-xhtml5\1.9.1\doxia-module-xhtml5-1.9.1.jar;C:\MavenRepository\org\apache\maven\doxia\doxia-module-apt\1.9.1\doxia-module-apt-1.9.1.jar;C:\MavenRepository\org\apache\maven\doxia\doxia-module-xdoc\1.9.1\doxia-module-xdoc-1.9.1.jar;C:\MavenRepository\org\apache\maven\doxia\doxia-module-fml\1.9.1\doxia-module-fml-1.9.1.jar;C:\MavenRepository\org\apache\maven\doxia\doxia-module-markdown\1.9.1\doxia-module-markdown-1.9.1.jar;C:\MavenRepository\com\vladsch\flexmark\flexmark-all\0.42.14\flexmark-all-0.42.14.jar;C:\MavenRepository\com\vladsch\flexmark\flexmark\0.42.14\flexmark-0.42.14.jar;C:\MavenRepository\com\vladsch\flexmark\flexmark-ext-abbreviation\0.42.14\flexmark-ext-abbreviation-0.42.14.jar;C:\MavenRepository\com\vladsch\flexmark\flexmark-ext-admonition\0.42.14\flexmark-ext-admonition-0.42.14.jar;C:\MavenRepository\com\vladsch\flexmark\flexmark-ext-anchorlink\0.42.14\flexmark-ext-anchorlink-0.42.14.jar;C:\MavenRepository\com\vladsch\flexmark\flexmark-ext-aside\0.42.14\flexmark-ext-aside-0.42.14.jar;C:\MavenRepository\com\vladsch\flexmark\flexmark-ext-attributes\0.42.14\flexmark-ext-attributes-0.42.14.jar;C:\MavenRepository\com\vladsch\flexmark\flexmark-ext-autolink\0.42.14\flexmark-ext-autolink-0.42.14.jar;C:\MavenRepository\org\nibor\autolink\autolink\0.6.0\autolink-0.6.0.jar;C:\MavenRepository\com\vladsch\flexmark\flexmark-ext-definition\0.42.14\flexmark-ext-definition-0.42.14.jar;C:\MavenRepository\com\vladsch\flexmark\flexmark-ext-emoji\0.42.14\flexmark-ext-emoji-0.42.14.jar;C:\MavenRepository\com\vladsch\flexmark\flexmark-ext-enumerated-reference\0.42.14\flexmark-ext-enumerated-reference-0.42.14.jar;C:\MavenRepository\com\vladsch\flexmark\flexmark-ext-escaped-character\0.42.14\flexmark-ext-escaped-character-0.42.14.jar;C:\MavenRepository\com\vladsch\flexmark\flexmark-ext-footnotes\0.42.14\flexmark-ext-footnotes-0.42.14.jar;C:\MavenRepository\com\vladsch\flexmark\flexmark-ext-gfm-issues\0.42.14\flexmark-ext-gfm-issues-0.42.14.jar;C:\MavenRepository\com\vladsch\flexmark\flexmark-ext-gfm-strikethrough\0.42.14\flexmark-ext-gfm-strikethrough-0.42.14.jar;C:\MavenRepository\com\vladsch\flexmark\flexmark-ext-gfm-tables\0.42.14\flexmark-ext-gfm-tables-0.42.14.jar;C:\MavenRepository\com\vladsch\flexmark\flexmark-ext-gfm-tasklist\0.42.14\flexmark-ext-gfm-tasklist-0.42.14.jar;C:\MavenRepository\com\vladsch\flexmark\flexmark-ext-gfm-users\0.42.14\flexmark-ext-gfm-users-0.42.14.jar;C:\MavenRepository\com\vladsch\flexmark\flexmark-ext-gitlab\0.42.14\flexmark-ext-gitlab-0.42.14.jar;C:\MavenRepository\com\vladsch\flexmark\flexmark-ext-jekyll-front-matter\0.42.14\flexmark-ext-jekyll-front-matter-0.42.14.jar;C:\MavenRepository\com\vladsch\flexmark\flexmark-ext-jekyll-tag\0.42.14\flexmark-ext-jekyll-tag-0.42.14.jar;C:\MavenRepository\com\vladsch\flexmark\flexmark-ext-media-tags\0.42.14\flexmark-ext-media-tags-0.42.14.jar;C:\MavenRepository\com\vladsch\flexmark\flexmark-ext-macros\0.42.14\flexmark-ext-macros-0.42.14.jar;C:\MavenRepository\com\vladsch\flexmark\flexmark-ext-ins\0.42.14\flexmark-ext-ins-0.42.14.jar;C:\MavenRepository\com\vladsch\flexmark\flexmark-ext-xwiki-macros\0.42.14\flexmark-ext-xwiki-macros-0.42.14.jar;C:\MavenRepository\com\vladsch\flexmark\flexmark-ext-superscript\0.42.14\flexmark-ext-superscript-0.42.14.jar;C:\MavenRepository\com\vladsch\flexmark\flexmark-ext-tables\0.42.14\flexmark-ext-tables-0.42.14.jar;C:\MavenRepository\com\vladsch\flexmark\flexmark-ext-toc\0.42.14\flexmark-ext-toc-0.42.14.jar;C:\MavenRepository\com\vladsch\flexmark\flexmark-ext-typographic\0.42.14\flexmark-ext-typographic-0.42.14.jar;C:\MavenRepository\com\vladsch\flexmark\flexmark-ext-wikilink\0.42.14\flexmark-ext-wikilink-0.42.14.jar;C:\MavenRepository\com\vladsch\flexmark\flexmark-ext-yaml-front-matter\0.42.14\flexmark-ext-yaml-front-matter-0.42.14.jar;C:\MavenRepository\com\vladsch\flexmark\flexmark-ext-youtube-embedded\0.42.14\flexmark-ext-youtube-embedded-0.42.14.jar;C:\MavenRepository\com\vladsch\flexmark\flexmark-formatter\0.42.14\flexmark-formatter-0.42.14.jar;C:\MavenRepository\com\vladsch\flexmark\flexmark-html-parser\0.42.14\flexmark-html-parser-0.42.14.jar;C:\MavenRepository\org\jsoup\jsoup\1.10.2\jsoup-1.10.2.jar;C:\MavenRepository\com\vladsch\flexmark\flexmark-jira-converter\0.42.14\flexmark-jira-converter-0.42.14.jar;C:\MavenRepository\com\vladsch\flexmark\flexmark-profile-pegdown\0.42.14\flexmark-profile-pegdown-0.42.14.jar;C:\MavenRepository\com\vladsch\flexmark\flexmark-util\0.42.14\flexmark-util-0.42.14.jar;C:\MavenRepository\com\vladsch\flexmark\flexmark-youtrack-converter\0.42.14\flexmark-youtrack-converter-0.42.14.jar;C:\MavenRepository\org\apache\maven\doxia\doxia-module-confluence\1.9.1\doxia-module-confluence-1.9.1.jar;C:\MavenRepository\org\apache\maven\doxia\doxia-module-docbook-simple\1.9.1\doxia-module-docbook-simple-1.9.1.jar;C:\MavenRepository\org\apache\maven\doxia\doxia-module-twiki\1.9.1\doxia-module-twiki-1.9.1.jar;C:\MavenRepository\org\apache\maven\doxia\doxia-decoration-model\1.9.2\doxia-decoration-model-1.9.2.jar;C:\MavenRepository\org\apache\maven\doxia\doxia-site-renderer\1.9.2\doxia-site-renderer-1.9.2.jar;C:\MavenRepository\org\apache\maven\doxia\doxia-skin-model\1.9.2\doxia-skin-model-1.9.2.jar;C:\MavenRepository\org\codehaus\plexus\plexus-velocity\1.2\plexus-velocity-1.2.jar;C:\MavenRepository\org\apache\velocity\velocity\1.7\velocity-1.7.jar;C:\MavenRepository\org\apache\velocity\velocity-tools\2.0\velocity-tools-2.0.jar;C:\MavenRepository\commons-chain\commons-chain\1.1\commons-chain-1.1.jar;C:\MavenRepository\dom4j\dom4j\1.1\dom4j-1.1.jar;C:\MavenRepository\oro\oro\2.0.8\oro-2.0.8.jar;C:\MavenRepository\commons-collections\commons-collections\3.2.2\commons-collections-3.2.2.jar;C:\MavenRepository\org\apache\maven\doxia\doxia-integration-tools\1.9.2\doxia-integration-tools-1.9.2.jar;C:\MavenRepository\org\apache\maven\wagon\wagon-provider-api\3.3.1\wagon-provider-api-3.3.1.jar;C:\MavenRepository\org\eclipse\jetty\jetty-server\9.2.29.v20191105\jetty-server-9.2.29.v20191105.jar;C:\MavenRepository\javax\servlet\javax.servlet-api\3.1.0\javax.servlet-api-3.1.0.jar;C:\MavenRepository\org\eclipse\jetty\jetty-http\9.2.29.v20191105\jetty-http-9.2.29.v20191105.jar;C:\MavenRepository\org\eclipse\jetty\jetty-io\9.2.29.v20191105\jetty-io-9.2.29.v20191105.jar;C:\MavenRepository\org\eclipse\jetty\jetty-servlet\9.2.29.v20191105\jetty-servlet-9.2.29.v20191105.jar;C:\MavenRepository\org\eclipse\jetty\jetty-security\9.2.29.v20191105\jetty-security-9.2.29.v20191105.jar;C:\MavenRepository\org\eclipse\jetty\jetty-webapp\9.2.29.v20191105\jetty-webapp-9.2.29.v20191105.jar;C:\MavenRepository\org\eclipse\jetty\jetty-xml\9.2.29.v20191105\jetty-xml-9.2.29.v20191105.jar;C:\MavenRepository\org\eclipse\jetty\jetty-util\9.2.29.v20191105\jetty-util-9.2.29.v20191105.jar;C:\MavenRepository\commons-io\commons-io\2.6\commons-io-2.6.jar;C:\MavenRepository\org\apache\maven\plugins\maven-project-info-reports-plugin\3.1.0\maven-project-info-reports-plugin-3.1.0.jar;C:\MavenRepository\org\apache\maven\reporting\maven-reporting-impl\3.0.0\maven-reporting-impl-3.0.0.jar;C:\MavenRepository\org\apache\maven\maven-repository-metadata\3.0\maven-repository-metadata-3.0.jar;C:\MavenRepository\org\apache\maven\shared\maven-dependency-tree\2.2\maven-dependency-tree-2.2.jar;C:\MavenRepository\org\apache\maven\shared\maven-shared-jar\1.2\maven-shared-jar-1.2.jar;C:\MavenRepository\org\codehaus\plexus\plexus-digest\1.0\plexus-digest-1.0.jar;C:\MavenRepository\org\apache\bcel\bcel\6.2\bcel-6.2.jar;C:\MavenRepository\org\apache\maven\shared\maven-common-artifact-filters\3.0.1\maven-common-artifact-filters-3.0.1.jar;C:\MavenRepository\org\apache\maven\shared\maven-artifact-transfer\0.12.0\maven-artifact-transfer-0.12.0.jar;C:\MavenRepository\org\apache\maven\scm\maven-scm-api\1.10.0\maven-scm-api-1.10.0.jar;C:\MavenRepository\org\apache\maven\scm\maven-scm-manager-plexus\1.10.0\maven-scm-manager-plexus-1.10.0.jar;C:\MavenRepository\org\apache\maven\scm\maven-scm-provider-hg\1.10.0\maven-scm-provider-hg-1.10.0.jar;C:\MavenRepository\org\apache\maven\scm\maven-scm-provider-perforce\1.10.0\maven-scm-provider-perforce-1.10.0.jar;C:\MavenRepository\org\apache\maven\scm\maven-scm-provider-starteam\1.10.0\maven-scm-provider-starteam-1.10.0.jar;C:\MavenRepository\org\apache\maven\scm\maven-scm-provider-svn-commons\1.10.0\maven-scm-provider-svn-commons-1.10.0.jar;C:\MavenRepository\org\apache\maven\scm\maven-scm-provider-svnexe\1.10.0\maven-scm-provider-svnexe-1.10.0.jar;C:\MavenRepository\commons-lang\commons-lang\2.6\commons-lang-2.6.jar;C:\MavenRepository\org\apache\maven\scm\maven-scm-provider-cvs-commons\1.10.0\maven-scm-provider-cvs-commons-1.10.0.jar;C:\MavenRepository\org\apache\maven\scm\maven-scm-provider-cvsexe\1.10.0\maven-scm-provider-cvsexe-1.10.0.jar;C:\MavenRepository\org\apache\maven\scm\maven-scm-provider-cvsjava\1.10.0\maven-scm-provider-cvsjava-1.10.0.jar;C:\MavenRepository\org\netbeans\lib\cvsclient\20060125\cvsclient-20060125.jar;C:\MavenRepository\ch\ethz\ganymed\ganymed-ssh2\build210\ganymed-ssh2-build210.jar;C:\MavenRepository\org\apache\maven\scm\maven-scm-provider-git-commons\1.10.0\maven-scm-provider-git-commons-1.10.0.jar;C:\MavenRepository\org\apache\maven\scm\maven-scm-provider-gitexe\1.10.0\maven-scm-provider-gitexe-1.10.0.jar;C:\MavenRepository\org\codehaus\plexus\plexus-interpolation\1.25\plexus-interpolation-1.25.jar;C:\MavenRepository\commons-validator\commons-validator\1.6\commons-validator-1.6.jar;C:\MavenRepository\commons-beanutils\commons-beanutils\1.9.2\commons-beanutils-1.9.2.jar;C:\MavenRepository\commons-digester\commons-digester\1.8.1\commons-digester-1.8.1.jar;"/>
    <property name="java.vm.vendor" value="Oracle Corporation"/>
    <property name="sun.arch.data.model" value="64"/>
    <property name="user.variant" value=""/>
    <property name="java.vendor.url" value="http://java.oracle.com/"/>
    <property name="user.timezone" value="Asia/Shanghai"/>
    <property name="java.vm.specification.version" value="1.8"/>
    <property name="os.name" value="Windows 10"/>
    <property name="user.country" value="CN"/>
    <property name="sun.java.launcher" value="SUN_STANDARD"/>
    <property name="sun.boot.library.path" value="C:\Program Files\Java\jdk1.8.0_231\jre\bin"/>
    <property name="sun.java.command" value="C:\Users\wuhengyu\AppData\Local\Temp\surefire8008785999880534958\surefirebooter1998145131648539399.jar C:\Users\wuhengyu\AppData\Local\Temp\surefire8008785999880534958 2020-07-12T16-48-00_220-jvmRun1 surefire1880065000101488259tmp surefire_02386390454777473478tmp"/>
    <property name="test" value="JunitTest"/>
    <property name="surefire.test.class.path" value="E:\IntelliJ IDEA Projects\EnterpriseWeiXinAPITest\target\test-classes;E:\IntelliJ IDEA Projects\EnterpriseWeiXinAPITest\target\classes;C:\MavenRepository\io\rest-assured\rest-assured\4.3.0\rest-assured-4.3.0.jar;C:\MavenRepository\org\codehaus\groovy\groovy\3.0.2\groovy-3.0.2.jar;C:\MavenRepository\org\codehaus\groovy\groovy-xml\3.0.2\groovy-xml-3.0.2.jar;C:\MavenRepository\org\apache\httpcomponents\httpclient\4.5.3\httpclient-4.5.3.jar;C:\MavenRepository\org\apache\httpcomponents\httpcore\4.4.6\httpcore-4.4.6.jar;C:\MavenRepository\commons-logging\commons-logging\1.2\commons-logging-1.2.jar;C:\MavenRepository\commons-codec\commons-codec\1.9\commons-codec-1.9.jar;C:\MavenRepository\org\apache\httpcomponents\httpmime\4.5.3\httpmime-4.5.3.jar;C:\MavenRepository\org\hamcrest\hamcrest\2.1\hamcrest-2.1.jar;C:\MavenRepository\org\ccil\cowan\tagsoup\tagsoup\1.2.1\tagsoup-1.2.1.jar;C:\MavenRepository\io\rest-assured\json-path\4.3.0\json-path-4.3.0.jar;C:\MavenRepository\org\codehaus\groovy\groovy-json\3.0.2\groovy-json-3.0.2.jar;C:\MavenRepository\io\rest-assured\rest-assured-common\4.3.0\rest-assured-common-4.3.0.jar;C:\MavenRepository\io\rest-assured\xml-path\4.3.0\xml-path-4.3.0.jar;C:\MavenRepository\org\apache\commons\commons-lang3\3.4\commons-lang3-3.4.jar;C:\MavenRepository\jakarta\xml\bind\jakarta.xml.bind-api\2.3.2\jakarta.xml.bind-api-2.3.2.jar;C:\MavenRepository\jakarta\activation\jakarta.activation-api\1.2.1\jakarta.activation-api-1.2.1.jar;C:\MavenRepository\com\sun\xml\bind\jaxb-osgi\2.3.0.1\jaxb-osgi-2.3.0.1.jar;C:\MavenRepository\org\apache\sling\org.apache.sling.javax.activation\0.1.0\org.apache.sling.javax.activation-0.1.0.jar;C:\MavenRepository\javax\activation\activation\1.1.1\activation-1.1.1.jar;C:\MavenRepository\io\rest-assured\json-schema-validator\4.3.0\json-schema-validator-4.3.0.jar;C:\MavenRepository\com\github\java-json-tools\json-schema-validator\2.2.10\json-schema-validator-2.2.10.jar;C:\MavenRepository\com\github\java-json-tools\json-schema-core\1.2.10\json-schema-core-1.2.10.jar;C:\MavenRepository\com\github\java-json-tools\jackson-coreutils\1.9\jackson-coreutils-1.9.jar;C:\MavenRepository\com\fasterxml\jackson\core\jackson-databind\2.2.3\jackson-databind-2.2.3.jar;C:\MavenRepository\com\fasterxml\jackson\core\jackson-annotations\2.2.3\jackson-annotations-2.2.3.jar;C:\MavenRepository\com\fasterxml\jackson\core\jackson-core\2.2.3\jackson-core-2.2.3.jar;C:\MavenRepository\com\google\guava\guava\16.0.1\guava-16.0.1.jar;C:\MavenRepository\com\github\fge\msg-simple\1.1\msg-simple-1.1.jar;C:\MavenRepository\com\github\fge\btf\1.2\btf-1.2.jar;C:\MavenRepository\com\github\fge\uri-template\0.9\uri-template-0.9.jar;C:\MavenRepository\org\mozilla\rhino\1.7.7.1\rhino-1.7.7.1.jar;C:\MavenRepository\javax\mail\mailapi\1.4.3\mailapi-1.4.3.jar;C:\MavenRepository\joda-time\joda-time\2.9.7\joda-time-2.9.7.jar;C:\MavenRepository\com\googlecode\libphonenumber\libphonenumber\8.0.0\libphonenumber-8.0.0.jar;C:\MavenRepository\com\google\code\findbugs\jsr305\3.0.1\jsr305-3.0.1.jar;C:\MavenRepository\net\sf\jopt-simple\jopt-simple\5.0.3\jopt-simple-5.0.3.jar;C:\MavenRepository\org\junit\jupiter\junit-jupiter-api\5.6.2\junit-jupiter-api-5.6.2.jar;C:\MavenRepository\org\apiguardian\apiguardian-api\1.1.0\apiguardian-api-1.1.0.jar;C:\MavenRepository\org\opentest4j\opentest4j\1.2.0\opentest4j-1.2.0.jar;C:\MavenRepository\org\junit\platform\junit-platform-commons\1.6.2\junit-platform-commons-1.6.2.jar;C:\MavenRepository\org\junit\jupiter\junit-jupiter-engine\5.6.2\junit-jupiter-engine-5.6.2.jar;C:\MavenRepository\org\junit\platform\junit-platform-engine\1.6.2\junit-platform-engine-1.6.2.jar;C:\MavenRepository\com\jayway\jsonpath\json-path\2.4.0\json-path-2.4.0.jar;C:\MavenRepository\net\minidev\json-smart\2.3\json-smart-2.3.jar;C:\MavenRepository\net\minidev\accessors-smart\1.2\accessors-smart-1.2.jar;C:\MavenRepository\org\ow2\asm\asm\5.0.4\asm-5.0.4.jar;C:\MavenRepository\org\slf4j\slf4j-api\1.7.25\slf4j-api-1.7.25.jar;C:\MavenRepository\org\slf4j\slf4j-simple\1.7.25\slf4j-simple-1.7.25.jar;C:\MavenRepository\junit\junit\4.12\junit-4.12.jar;C:\MavenRepository\org\hamcrest\hamcrest-core\1.3\hamcrest-core-1.3.jar;C:\MavenRepository\org\junit\platform\junit-platform-suite-api\1.5.2\junit-platform-suite-api-1.5.2.jar;C:\MavenRepository\org\junit\platform\junit-platform-runner\1.5.2\junit-platform-runner-1.5.2.jar;C:\MavenRepository\org\junit\platform\junit-platform-launcher\1.5.2\junit-platform-launcher-1.5.2.jar;C:\MavenRepository\org\apache\maven\plugins\maven-site-plugin\3.9.1\maven-site-plugin-3.9.1.jar;C:\MavenRepository\org\apache\maven\reporting\maven-reporting-api\3.0\maven-reporting-api-3.0.jar;C:\MavenRepository\org\apache\maven\reporting\maven-reporting-exec\1.5.1\maven-reporting-exec-1.5.1.jar;C:\MavenRepository\org\sonatype\aether\aether-util\1.7\aether-util-1.7.jar;C:\MavenRepository\org\eclipse\aether\aether-util\0.9.0.M2\aether-util-0.9.0.M2.jar;C:\MavenRepository\org\apache\maven\shared\maven-shared-utils\3.1.0\maven-shared-utils-3.1.0.jar;C:\MavenRepository\org\apache\maven\maven-artifact\3.0.5\maven-artifact-3.0.5.jar;C:\MavenRepository\org\apache\maven\maven-core\3.0.5\maven-core-3.0.5.jar;C:\MavenRepository\org\apache\maven\maven-model-builder\3.0.5\maven-model-builder-3.0.5.jar;C:\MavenRepository\org\apache\maven\maven-aether-provider\3.0.5\maven-aether-provider-3.0.5.jar;C:\MavenRepository\org\sonatype\aether\aether-spi\1.13.1\aether-spi-1.13.1.jar;C:\MavenRepository\org\sonatype\aether\aether-impl\1.13.1\aether-impl-1.13.1.jar;C:\MavenRepository\org\sonatype\aether\aether-api\1.13.1\aether-api-1.13.1.jar;C:\MavenRepository\org\codehaus\plexus\plexus-classworlds\2.4\plexus-classworlds-2.4.jar;C:\MavenRepository\org\codehaus\plexus\plexus-component-annotations\1.5.5\plexus-component-annotations-1.5.5.jar;C:\MavenRepository\org\sonatype\plexus\plexus-sec-dispatcher\1.3\plexus-sec-dispatcher-1.3.jar;C:\MavenRepository\org\sonatype\plexus\plexus-cipher\1.4\plexus-cipher-1.4.jar;C:\MavenRepository\org\apache\maven\maven-model\3.0.5\maven-model-3.0.5.jar;C:\MavenRepository\org\apache\maven\maven-plugin-api\3.0.5\maven-plugin-api-3.0.5.jar;C:\MavenRepository\org\apache\maven\maven-settings\3.0.5\maven-settings-3.0.5.jar;C:\MavenRepository\org\apache\maven\maven-settings-builder\3.0.5\maven-settings-builder-3.0.5.jar;C:\MavenRepository\org\apache\maven\maven-archiver\3.5.0\maven-archiver-3.5.0.jar;C:\MavenRepository\org\sonatype\sisu\sisu-inject-plexus\1.4.2\sisu-inject-plexus-1.4.2.jar;C:\MavenRepository\org\sonatype\sisu\sisu-inject-bean\1.4.2\sisu-inject-bean-1.4.2.jar;C:\MavenRepository\org\sonatype\sisu\sisu-guice\2.1.7\sisu-guice-2.1.7-noaop.jar;C:\MavenRepository\org\codehaus\plexus\plexus-archiver\4.2.1\plexus-archiver-4.2.1.jar;C:\MavenRepository\org\codehaus\plexus\plexus-io\3.2.0\plexus-io-3.2.0.jar;C:\MavenRepository\org\apache\commons\commons-compress\1.19\commons-compress-1.19.jar;C:\MavenRepository\org\iq80\snappy\snappy\0.4\snappy-0.4.jar;C:\MavenRepository\org\tukaani\xz\1.8\xz-1.8.jar;C:\MavenRepository\org\codehaus\plexus\plexus-i18n\1.0-beta-10\plexus-i18n-1.0-beta-10.jar;C:\MavenRepository\org\codehaus\plexus\plexus-utils\3.3.0\plexus-utils-3.3.0.jar;C:\MavenRepository\org\apache\maven\doxia\doxia-sink-api\1.9.1\doxia-sink-api-1.9.1.jar;C:\MavenRepository\org\apache\maven\doxia\doxia-logging-api\1.9.1\doxia-logging-api-1.9.1.jar;C:\MavenRepository\org\apache\maven\doxia\doxia-core\1.9.1\doxia-core-1.9.1.jar;C:\MavenRepository\org\codehaus\plexus\plexus-container-default\1.7.1\plexus-container-default-1.7.1.jar;C:\MavenRepository\org\apache\xbean\xbean-reflect\3.7\xbean-reflect-3.7.jar;C:\MavenRepository\com\google\collections\google-collections\1.0\google-collections-1.0.jar;C:\MavenRepository\org\apache\maven\doxia\doxia-module-xhtml\1.9.1\doxia-module-xhtml-1.9.1.jar;C:\MavenRepository\org\apache\maven\doxia\doxia-module-xhtml5\1.9.1\doxia-module-xhtml5-1.9.1.jar;C:\MavenRepository\org\apache\maven\doxia\doxia-module-apt\1.9.1\doxia-module-apt-1.9.1.jar;C:\MavenRepository\org\apache\maven\doxia\doxia-module-xdoc\1.9.1\doxia-module-xdoc-1.9.1.jar;C:\MavenRepository\org\apache\maven\doxia\doxia-module-fml\1.9.1\doxia-module-fml-1.9.1.jar;C:\MavenRepository\org\apache\maven\doxia\doxia-module-markdown\1.9.1\doxia-module-markdown-1.9.1.jar;C:\MavenRepository\com\vladsch\flexmark\flexmark-all\0.42.14\flexmark-all-0.42.14.jar;C:\MavenRepository\com\vladsch\flexmark\flexmark\0.42.14\flexmark-0.42.14.jar;C:\MavenRepository\com\vladsch\flexmark\flexmark-ext-abbreviation\0.42.14\flexmark-ext-abbreviation-0.42.14.jar;C:\MavenRepository\com\vladsch\flexmark\flexmark-ext-admonition\0.42.14\flexmark-ext-admonition-0.42.14.jar;C:\MavenRepository\com\vladsch\flexmark\flexmark-ext-anchorlink\0.42.14\flexmark-ext-anchorlink-0.42.14.jar;C:\MavenRepository\com\vladsch\flexmark\flexmark-ext-aside\0.42.14\flexmark-ext-aside-0.42.14.jar;C:\MavenRepository\com\vladsch\flexmark\flexmark-ext-attributes\0.42.14\flexmark-ext-attributes-0.42.14.jar;C:\MavenRepository\com\vladsch\flexmark\flexmark-ext-autolink\0.42.14\flexmark-ext-autolink-0.42.14.jar;C:\MavenRepository\org\nibor\autolink\autolink\0.6.0\autolink-0.6.0.jar;C:\MavenRepository\com\vladsch\flexmark\flexmark-ext-definition\0.42.14\flexmark-ext-definition-0.42.14.jar;C:\MavenRepository\com\vladsch\flexmark\flexmark-ext-emoji\0.42.14\flexmark-ext-emoji-0.42.14.jar;C:\MavenRepository\com\vladsch\flexmark\flexmark-ext-enumerated-reference\0.42.14\flexmark-ext-enumerated-reference-0.42.14.jar;C:\MavenRepository\com\vladsch\flexmark\flexmark-ext-escaped-character\0.42.14\flexmark-ext-escaped-character-0.42.14.jar;C:\MavenRepository\com\vladsch\flexmark\flexmark-ext-footnotes\0.42.14\flexmark-ext-footnotes-0.42.14.jar;C:\MavenRepository\com\vladsch\flexmark\flexmark-ext-gfm-issues\0.42.14\flexmark-ext-gfm-issues-0.42.14.jar;C:\MavenRepository\com\vladsch\flexmark\flexmark-ext-gfm-strikethrough\0.42.14\flexmark-ext-gfm-strikethrough-0.42.14.jar;C:\MavenRepository\com\vladsch\flexmark\flexmark-ext-gfm-tables\0.42.14\flexmark-ext-gfm-tables-0.42.14.jar;C:\MavenRepository\com\vladsch\flexmark\flexmark-ext-gfm-tasklist\0.42.14\flexmark-ext-gfm-tasklist-0.42.14.jar;C:\MavenRepository\com\vladsch\flexmark\flexmark-ext-gfm-users\0.42.14\flexmark-ext-gfm-users-0.42.14.jar;C:\MavenRepository\com\vladsch\flexmark\flexmark-ext-gitlab\0.42.14\flexmark-ext-gitlab-0.42.14.jar;C:\MavenRepository\com\vladsch\flexmark\flexmark-ext-jekyll-front-matter\0.42.14\flexmark-ext-jekyll-front-matter-0.42.14.jar;C:\MavenRepository\com\vladsch\flexmark\flexmark-ext-jekyll-tag\0.42.14\flexmark-ext-jekyll-tag-0.42.14.jar;C:\MavenRepository\com\vladsch\flexmark\flexmark-ext-media-tags\0.42.14\flexmark-ext-media-tags-0.42.14.jar;C:\MavenRepository\com\vladsch\flexmark\flexmark-ext-macros\0.42.14\flexmark-ext-macros-0.42.14.jar;C:\MavenRepository\com\vladsch\flexmark\flexmark-ext-ins\0.42.14\flexmark-ext-ins-0.42.14.jar;C:\MavenRepository\com\vladsch\flexmark\flexmark-ext-xwiki-macros\0.42.14\flexmark-ext-xwiki-macros-0.42.14.jar;C:\MavenRepository\com\vladsch\flexmark\flexmark-ext-superscript\0.42.14\flexmark-ext-superscript-0.42.14.jar;C:\MavenRepository\com\vladsch\flexmark\flexmark-ext-tables\0.42.14\flexmark-ext-tables-0.42.14.jar;C:\MavenRepository\com\vladsch\flexmark\flexmark-ext-toc\0.42.14\flexmark-ext-toc-0.42.14.jar;C:\MavenRepository\com\vladsch\flexmark\flexmark-ext-typographic\0.42.14\flexmark-ext-typographic-0.42.14.jar;C:\MavenRepository\com\vladsch\flexmark\flexmark-ext-wikilink\0.42.14\flexmark-ext-wikilink-0.42.14.jar;C:\MavenRepository\com\vladsch\flexmark\flexmark-ext-yaml-front-matter\0.42.14\flexmark-ext-yaml-front-matter-0.42.14.jar;C:\MavenRepository\com\vladsch\flexmark\flexmark-ext-youtube-embedded\0.42.14\flexmark-ext-youtube-embedded-0.42.14.jar;C:\MavenRepository\com\vladsch\flexmark\flexmark-formatter\0.42.14\flexmark-formatter-0.42.14.jar;C:\MavenRepository\com\vladsch\flexmark\flexmark-html-parser\0.42.14\flexmark-html-parser-0.42.14.jar;C:\MavenRepository\org\jsoup\jsoup\1.10.2\jsoup-1.10.2.jar;C:\MavenRepository\com\vladsch\flexmark\flexmark-jira-converter\0.42.14\flexmark-jira-converter-0.42.14.jar;C:\MavenRepository\com\vladsch\flexmark\flexmark-profile-pegdown\0.42.14\flexmark-profile-pegdown-0.42.14.jar;C:\MavenRepository\com\vladsch\flexmark\flexmark-util\0.42.14\flexmark-util-0.42.14.jar;C:\MavenRepository\com\vladsch\flexmark\flexmark-youtrack-converter\0.42.14\flexmark-youtrack-converter-0.42.14.jar;C:\MavenRepository\org\apache\maven\doxia\doxia-module-confluence\1.9.1\doxia-module-confluence-1.9.1.jar;C:\MavenRepository\org\apache\maven\doxia\doxia-module-docbook-simple\1.9.1\doxia-module-docbook-simple-1.9.1.jar;C:\MavenRepository\org\apache\maven\doxia\doxia-module-twiki\1.9.1\doxia-module-twiki-1.9.1.jar;C:\MavenRepository\org\apache\maven\doxia\doxia-decoration-model\1.9.2\doxia-decoration-model-1.9.2.jar;C:\MavenRepository\org\apache\maven\doxia\doxia-site-renderer\1.9.2\doxia-site-renderer-1.9.2.jar;C:\MavenRepository\org\apache\maven\doxia\doxia-skin-model\1.9.2\doxia-skin-model-1.9.2.jar;C:\MavenRepository\org\codehaus\plexus\plexus-velocity\1.2\plexus-velocity-1.2.jar;C:\MavenRepository\org\apache\velocity\velocity\1.7\velocity-1.7.jar;C:\MavenRepository\org\apache\velocity\velocity-tools\2.0\velocity-tools-2.0.jar;C:\MavenRepository\commons-chain\commons-chain\1.1\commons-chain-1.1.jar;C:\MavenRepository\dom4j\dom4j\1.1\dom4j-1.1.jar;C:\MavenRepository\oro\oro\2.0.8\oro-2.0.8.jar;C:\MavenRepository\commons-collections\commons-collections\3.2.2\commons-collections-3.2.2.jar;C:\MavenRepository\org\apache\maven\doxia\doxia-integration-tools\1.9.2\doxia-integration-tools-1.9.2.jar;C:\MavenRepository\org\apache\maven\wagon\wagon-provider-api\3.3.1\wagon-provider-api-3.3.1.jar;C:\MavenRepository\org\eclipse\jetty\jetty-server\9.2.29.v20191105\jetty-server-9.2.29.v20191105.jar;C:\MavenRepository\javax\servlet\javax.servlet-api\3.1.0\javax.servlet-api-3.1.0.jar;C:\MavenRepository\org\eclipse\jetty\jetty-http\9.2.29.v20191105\jetty-http-9.2.29.v20191105.jar;C:\MavenRepository\org\eclipse\jetty\jetty-io\9.2.29.v20191105\jetty-io-9.2.29.v20191105.jar;C:\MavenRepository\org\eclipse\jetty\jetty-servlet\9.2.29.v20191105\jetty-servlet-9.2.29.v20191105.jar;C:\MavenRepository\org\eclipse\jetty\jetty-security\9.2.29.v20191105\jetty-security-9.2.29.v20191105.jar;C:\MavenRepository\org\eclipse\jetty\jetty-webapp\9.2.29.v20191105\jetty-webapp-9.2.29.v20191105.jar;C:\MavenRepository\org\eclipse\jetty\jetty-xml\9.2.29.v20191105\jetty-xml-9.2.29.v20191105.jar;C:\MavenRepository\org\eclipse\jetty\jetty-util\9.2.29.v20191105\jetty-util-9.2.29.v20191105.jar;C:\MavenRepository\commons-io\commons-io\2.6\commons-io-2.6.jar;C:\MavenRepository\org\apache\maven\plugins\maven-project-info-reports-plugin\3.1.0\maven-project-info-reports-plugin-3.1.0.jar;C:\MavenRepository\org\apache\maven\reporting\maven-reporting-impl\3.0.0\maven-reporting-impl-3.0.0.jar;C:\MavenRepository\org\apache\maven\maven-repository-metadata\3.0\maven-repository-metadata-3.0.jar;C:\MavenRepository\org\apache\maven\shared\maven-dependency-tree\2.2\maven-dependency-tree-2.2.jar;C:\MavenRepository\org\apache\maven\shared\maven-shared-jar\1.2\maven-shared-jar-1.2.jar;C:\MavenRepository\org\codehaus\plexus\plexus-digest\1.0\plexus-digest-1.0.jar;C:\MavenRepository\org\apache\bcel\bcel\6.2\bcel-6.2.jar;C:\MavenRepository\org\apache\maven\shared\maven-common-artifact-filters\3.0.1\maven-common-artifact-filters-3.0.1.jar;C:\MavenRepository\org\apache\maven\shared\maven-artifact-transfer\0.12.0\maven-artifact-transfer-0.12.0.jar;C:\MavenRepository\org\apache\maven\scm\maven-scm-api\1.10.0\maven-scm-api-1.10.0.jar;C:\MavenRepository\org\apache\maven\scm\maven-scm-manager-plexus\1.10.0\maven-scm-manager-plexus-1.10.0.jar;C:\MavenRepository\org\apache\maven\scm\maven-scm-provider-hg\1.10.0\maven-scm-provider-hg-1.10.0.jar;C:\MavenRepository\org\apache\maven\scm\maven-scm-provider-perforce\1.10.0\maven-scm-provider-perforce-1.10.0.jar;C:\MavenRepository\org\apache\maven\scm\maven-scm-provider-starteam\1.10.0\maven-scm-provider-starteam-1.10.0.jar;C:\MavenRepository\org\apache\maven\scm\maven-scm-provider-svn-commons\1.10.0\maven-scm-provider-svn-commons-1.10.0.jar;C:\MavenRepository\org\apache\maven\scm\maven-scm-provider-svnexe\1.10.0\maven-scm-provider-svnexe-1.10.0.jar;C:\MavenRepository\commons-lang\commons-lang\2.6\commons-lang-2.6.jar;C:\MavenRepository\org\apache\maven\scm\maven-scm-provider-cvs-commons\1.10.0\maven-scm-provider-cvs-commons-1.10.0.jar;C:\MavenRepository\org\apache\maven\scm\maven-scm-provider-cvsexe\1.10.0\maven-scm-provider-cvsexe-1.10.0.jar;C:\MavenRepository\org\apache\maven\scm\maven-scm-provider-cvsjava\1.10.0\maven-scm-provider-cvsjava-1.10.0.jar;C:\MavenRepository\org\netbeans\lib\cvsclient\20060125\cvsclient-20060125.jar;C:\MavenRepository\ch\ethz\ganymed\ganymed-ssh2\build210\ganymed-ssh2-build210.jar;C:\MavenRepository\org\apache\maven\scm\maven-scm-provider-git-commons\1.10.0\maven-scm-provider-git-commons-1.10.0.jar;C:\MavenRepository\org\apache\maven\scm\maven-scm-provider-gitexe\1.10.0\maven-scm-provider-gitexe-1.10.0.jar;C:\MavenRepository\org\codehaus\plexus\plexus-interpolation\1.25\plexus-interpolation-1.25.jar;C:\MavenRepository\commons-validator\commons-validator\1.6\commons-validator-1.6.jar;C:\MavenRepository\commons-beanutils\commons-beanutils\1.9.2\commons-beanutils-1.9.2.jar;C:\MavenRepository\commons-digester\commons-digester\1.8.1\commons-digester-1.8.1.jar;"/>
    <property name="sun.cpu.endian" value="little"/>
    <property name="user.home" value="C:\Users\wuhengyu"/>
    <property name="user.language" value="zh"/>
    <property name="java.specification.vendor" value="Oracle Corporation"/>
    <property name="generateReports" value="false"/>
    <property name="java.home" value="C:\Program Files\Java\jdk1.8.0_231\jre"/>
    <property name="basedir" value="E:\IntelliJ IDEA Projects\EnterpriseWeiXinAPITest"/>
    <property name="file.separator" value="\"/>
    <property name="line.separator" value="&#10;"/>
    <property name="java.vm.specification.vendor" value="Oracle Corporation"/>
    <property name="java.specification.name" value="Java Platform API Specification"/>
    <property name="java.awt.graphicsenv" value="sun.awt.Win32GraphicsEnvironment"/>
    <property name="surefire.real.class.path" value="C:\Users\wuhengyu\AppData\Local\Temp\surefire8008785999880534958\surefirebooter1998145131648539399.jar"/>
    <property name="sun.boot.class.path" value="C:\Program Files\Java\jdk1.8.0_231\jre\lib\resources.jar;C:\Program Files\Java\jdk1.8.0_231\jre\lib\rt.jar;C:\Program Files\Java\jdk1.8.0_231\jre\lib\sunrsasign.jar;C:\Program Files\Java\jdk1.8.0_231\jre\lib\jsse.jar;C:\Program Files\Java\jdk1.8.0_231\jre\lib\jce.jar;C:\Program Files\Java\jdk1.8.0_231\jre\lib\charsets.jar;C:\Program Files\Java\jdk1.8.0_231\jre\lib\jfr.jar;C:\Program Files\Java\jdk1.8.0_231\jre\classes"/>
    <property name="user.script" value=""/>
    <property name="sun.management.compiler" value="HotSpot 64-Bit Tiered Compilers"/>
    <property name="java.runtime.version" value="1.8.0_231-b11"/>
    <property name="user.name" value="wuhengyu"/>
    <property name="path.separator" value=";"/>
    <property name="os.version" value="10.0"/>
    <property name="java.endorsed.dirs" value="C:\Program Files\Java\jdk1.8.0_231\jre\lib\endorsed"/>
    <property name="java.runtime.name" value="Java(TM) SE Runtime Environment"/>
    <property name="file.encoding" value="UTF-8"/>
    <property name="java.vm.name" value="Java HotSpot(TM) 64-Bit Server VM"/>
    <property name="localRepository" value="C:\MavenRepository"/>
    <property name="java.vendor.url.bug" value="http://bugreport.sun.com/bugreport/"/>
    <property name="java.io.tmpdir" value="C:\Users\wuhengyu\AppData\Local\Temp\"/>
    <property name="java.version" value="1.8.0_231"/>
    <property name="user.dir" value="E:\IntelliJ IDEA Projects\EnterpriseWeiXinAPITest"/>
    <property name="os.arch" value="amd64"/>
    <property name="java.vm.specification.name" value="Java Virtual Machine Specification"/>
    <property name="java.awt.printerjob" value="sun.awt.windows.WPrinterJob"/>
    <property name="sun.os.patch.level" value=""/>
    <property name="java.library.path" value="C:\Program Files\Java\jdk1.8.0_231\jre\bin;C:\WINDOWS\Sun\Java\bin;C:\WINDOWS\system32;C:\WINDOWS;C:\WINDOWS\system32;C:\WINDOWS;C:\WINDOWS\System32\Wbem;C:\WINDOWS\System32\WindowsPowerShell\v1.0\;C:\WINDOWS\System32\OpenSSH\;C:\Program Files\Java\jdk1.8.0_231\bin\;C:\Program Files\Java\jdk1.8.0_231\jre\bin\;E:\apache-maven-3.6.3-bin\apache-maven-3.6.3\bin;C:\Program Files\nodejs\;C:\ProgramData\chocolatey\bin;&quot;;C:\Program Files\nodejs&quot;;C:\Program Files\Git\cmd;C:\Users\wuhengyu\AppData\Local\Programs\Python\Python38-32\Scripts\;C:\Users\wuhengyu\AppData\Local\Programs\Python\Python38-32\;C:\Users\wuhengyu\AppData\Local\Microsoft\WindowsApps;C:\Program Files\JetBrains\PyCharm 2019.3.4\bin;C:\Program Files\JetBrains\IntelliJ IDEA 2019.3.4\bin;C:\Program Files\Bandizip\;C:\Users\wuhengyu\AppData\Local\Programs\Fiddler;C:\Users\wuhengyu\AppData\Roaming\npm;;."/>
    <property name="java.vm.info" value="mixed mode"/>
    <property name="java.vendor" value="Oracle Corporation"/>
    <property name="java.vm.version" value="25.231-b11"/>
    <property name="java.ext.dirs" value="C:\Program Files\Java\jdk1.8.0_231\jre\lib\ext;C:\WINDOWS\Sun\Java\lib\ext"/>
    <property name="sun.io.unicode.encoding" value="UnicodeLittle"/>
    <property name="java.class.version" value="52.0"/>
  </properties>
  <testcase name="test01_fu" classname="com.junit.test.JunitTest" time="0.009"/>
  <testcase name="test02_fu" classname="com.junit.test.JunitTest" time="0.002"/>
  <testcase name="test03_fu" classname="com.junit.test.JunitTest" time="0.002"/>
  <testcase name="test04_fu" classname="com.junit.test.JunitTest" time="0.002"/>
  <testcase name="test05_fu" classname="com.junit.test.JunitTest" time="0.001"/>
</testsuite>